test_add_product_to_shop (test_intergrate_inventory_shop.TestSellerModule)
Test adding a product to the shop. ... FAIL
test_get_product_by_name (test_intergrate_inventory_shop.TestSellerModule)
Test retrieving a product by its name. ... ok

======================================================================
FAIL: test_add_product_to_shop (test_intergrate_inventory_shop.TestSellerModule)
Test adding a product to the shop.
----------------------------------------------------------------------
Traceback (most recent call last):
  File "/mnt/d/Coding/E-market/Source/Application/test_intergrate_inventory_shop.py", line 29, in test_add_product_to_shop
    self.assertEqual(p[1].getPrice(), 10, "Product description mismatch with inventory.")
AssertionError: 20 != 10 : Product description mismatch with inventory.

----------------------------------------------------------------------
Ran 2 tests in 0.015s

FAILED (failures=1)

Some tests failed or had errors.
